This is pdfTeX, Version 3.14159265-2.6-1.40.19 (TeX Live 2018) (preloaded format=pdflatex 2018.4.16)  22 APR 2019 00:50
entering extended mode
 restricted \write18 enabled.
 %&-line parsing enabled.
**paper.tex
(./paper.tex
LaTeX2e <2018-04-01> patch level 2
Babel <3.18> and hyphenation patterns for 84 language(s) loaded.
(/usr/local/texlive/2018/texmf-dist/tex/latex/base/article.cls
Document Class: article 2014/09/29 v1.4h Standard LaTeX document class
(/usr/local/texlive/2018/texmf-dist/tex/latex/base/size12.clo
File: size12.clo 2014/09/29 v1.4h Standard LaTeX file (size option)
)
\c@part=\count80
\c@section=\count81
\c@subsection=\count82
\c@subsubsection=\count83
\c@paragraph=\count84
\c@subparagraph=\count85
\c@figure=\count86
\c@table=\count87
\abovecaptionskip=\skip41
\belowcaptionskip=\skip42
\bibindent=\dimen102
)
(/usr/local/texlive/2018/texmf-dist/tex/latex/graphics/color.sty
Package: color 2016/07/10 v1.1e Standard LaTeX Color (DPC)

(/usr/local/texlive/2018/texmf-dist/tex/latex/graphics-cfg/color.cfg
File: color.cfg 2016/01/02 v1.6 sample color configuration
)
Package color Info: Driver file: pdftex.def on input line 147.

(/usr/local/texlive/2018/texmf-dist/tex/latex/graphics-def/pdftex.def
File: pdftex.def 2018/01/08 v1.0l Graphics/color driver for pdftex
))
(/usr/local/texlive/2018/texmf-dist/tex/latex/graphics/graphicx.sty
Package: graphicx 2017/06/01 v1.1a Enhanced LaTeX Graphics (DPC,SPQR)

(/usr/local/texlive/2018/texmf-dist/tex/latex/graphics/keyval.sty
Package: keyval 2014/10/28 v1.15 key=value parser (DPC)
\KV@toks@=\toks14
)
(/usr/local/texlive/2018/texmf-dist/tex/latex/graphics/graphics.sty
Package: graphics 2017/06/25 v1.2c Standard LaTeX Graphics (DPC,SPQR)

(/usr/local/texlive/2018/texmf-dist/tex/latex/graphics/trig.sty
Package: trig 2016/01/03 v1.10 sin cos tan (DPC)
)
(/usr/local/texlive/2018/texmf-dist/tex/latex/graphics-cfg/graphics.cfg
File: graphics.cfg 2016/06/04 v1.11 sample graphics configuration
)
Package graphics Info: Driver file: pdftex.def on input line 99.
)
\Gin@req@height=\dimen103
\Gin@req@width=\dimen104
)
(/usr/local/texlive/2018/texmf-dist/tex/latex/amsfonts/amssymb.sty
Package: amssymb 2013/01/14 v3.01 AMS font symbols

(/usr/local/texlive/2018/texmf-dist/tex/latex/amsfonts/amsfonts.sty
Package: amsfonts 2013/01/14 v3.01 Basic AMSFonts support
\@emptytoks=\toks15
\symAMSa=\mathgroup4
\symAMSb=\mathgroup5
LaTeX Font Info:    Overwriting math alphabet `\mathfrak' in version `bold'
(Font)                  U/euf/m/n --> U/euf/b/n on input line 106.
))
(/usr/local/texlive/2018/texmf-dist/tex/latex/amscls/amsthm.sty
Package: amsthm 2017/10/31 v2.20.4
\thm@style=\toks16
\thm@bodyfont=\toks17
\thm@headfont=\toks18
\thm@notefont=\toks19
\thm@headpunct=\toks20
\thm@preskip=\skip43
\thm@postskip=\skip44
\thm@headsep=\skip45
\dth@everypar=\toks21
)
(/usr/local/texlive/2018/texmf-dist/tex/latex/lipsum/lipsum.sty
Package: lipsum 2014/07/27 v1.3 150 paragraphs of Lorem Ipsum dummy text
\c@lips@count=\count88
)
(/usr/local/texlive/2018/texmf-dist/tex/latex/titlesec/titlesec.sty
Package: titlesec 2016/03/21 v2.10.2 Sectioning titles
\ttl@box=\box26
\beforetitleunit=\skip46
\aftertitleunit=\skip47
\ttl@plus=\dimen105
\ttl@minus=\dimen106
\ttl@toksa=\toks22
\titlewidth=\dimen107
\titlewidthlast=\dimen108
\titlewidthfirst=\dimen109
)
(/usr/local/texlive/2018/texmf-dist/tex/latex/amsmath/amsmath.sty
Package: amsmath 2017/09/02 v2.17a AMS math features
\@mathmargin=\skip48

For additional information on amsmath, use the `?' option.
(/usr/local/texlive/2018/texmf-dist/tex/latex/amsmath/amstext.sty
Package: amstext 2000/06/29 v2.01 AMS text

(/usr/local/texlive/2018/texmf-dist/tex/latex/amsmath/amsgen.sty
File: amsgen.sty 1999/11/30 v2.0 generic functions
\@emptytoks=\toks23
\ex@=\dimen110
))
(/usr/local/texlive/2018/texmf-dist/tex/latex/amsmath/amsbsy.sty
Package: amsbsy 1999/11/29 v1.2d Bold Symbols
\pmbraise@=\dimen111
)
(/usr/local/texlive/2018/texmf-dist/tex/latex/amsmath/amsopn.sty
Package: amsopn 2016/03/08 v2.02 operator names
)
\inf@bad=\count89
LaTeX Info: Redefining \frac on input line 213.
\uproot@=\count90
\leftroot@=\count91
LaTeX Info: Redefining \overline on input line 375.
\classnum@=\count92
\DOTSCASE@=\count93
LaTeX Info: Redefining \ldots on input line 472.
LaTeX Info: Redefining \dots on input line 475.
LaTeX Info: Redefining \cdots on input line 596.
\Mathstrutbox@=\box27
\strutbox@=\box28
\big@size=\dimen112
LaTeX Font Info:    Redeclaring font encoding OML on input line 712.
LaTeX Font Info:    Redeclaring font encoding OMS on input line 713.
\macc@depth=\count94
\c@MaxMatrixCols=\count95
\dotsspace@=\muskip10
\c@parentequation=\count96
\dspbrk@lvl=\count97
\tag@help=\toks24
\row@=\count98
\column@=\count99
\maxfields@=\count100
\andhelp@=\toks25
\eqnshift@=\dimen113
\alignsep@=\dimen114
\tagshift@=\dimen115
\tagwidth@=\dimen116
\totwidth@=\dimen117
\lineht@=\dimen118
\@envbody=\toks26
\multlinegap=\skip49
\multlinetaggap=\skip50
\mathdisplay@stack=\toks27
LaTeX Info: Redefining \[ on input line 2817.
LaTeX Info: Redefining \] on input line 2818.
)
(/usr/local/texlive/2018/texmf-dist/tex/latex/graphics/epsfig.sty
Package: epsfig 2017/06/25 v1.7b (e)psfig emulation (SPQR)
\epsfxsize=\dimen119
\epsfysize=\dimen120
)
(/usr/local/texlive/2018/texmf-dist/tex/latex/oberdiek/epstopdf.sty
Package: epstopdf 2016/05/15 v2.6 Conversion with epstopdf on the fly (HO)

(/usr/local/texlive/2018/texmf-dist/tex/latex/oberdiek/epstopdf-base.sty
Package: epstopdf-base 2016/05/15 v2.6 Base part for package epstopdf

(/usr/local/texlive/2018/texmf-dist/tex/generic/oberdiek/infwarerr.sty
Package: infwarerr 2016/05/16 v1.4 Providing info/warning/error messages (HO)
)
(/usr/local/texlive/2018/texmf-dist/tex/latex/oberdiek/grfext.sty
Package: grfext 2016/05/16 v1.2 Manage graphics extensions (HO)

(/usr/local/texlive/2018/texmf-dist/tex/generic/oberdiek/kvdefinekeys.sty
Package: kvdefinekeys 2016/05/16 v1.4 Define keys (HO)

(/usr/local/texlive/2018/texmf-dist/tex/generic/oberdiek/ltxcmds.sty
Package: ltxcmds 2016/05/16 v1.23 LaTeX kernel commands for general use (HO)
)))
(/usr/local/texlive/2018/texmf-dist/tex/latex/oberdiek/kvoptions.sty
Package: kvoptions 2016/05/16 v3.12 Key value format for package options (HO)

(/usr/local/texlive/2018/texmf-dist/tex/generic/oberdiek/kvsetkeys.sty
Package: kvsetkeys 2016/05/16 v1.17 Key value parser (HO)

(/usr/local/texlive/2018/texmf-dist/tex/generic/oberdiek/etexcmds.sty
Package: etexcmds 2016/05/16 v1.6 Avoid name clashes with e-TeX commands (HO)

(/usr/local/texlive/2018/texmf-dist/tex/generic/oberdiek/ifluatex.sty
Package: ifluatex 2016/05/16 v1.4 Provides the ifluatex switch (HO)
Package ifluatex Info: LuaTeX not detected.
)
Package etexcmds Info: Could not find \expanded.
(etexcmds)             That can mean that you are not using pdfTeX 1.50 or
(etexcmds)             that some package has redefined \expanded.
(etexcmds)             In the latter case, load this package earlier.
)))
(/usr/local/texlive/2018/texmf-dist/tex/generic/oberdiek/pdftexcmds.sty
Package: pdftexcmds 2018/01/30 v0.27 Utility functions of pdfTeX for LuaTeX (HO
)

(/usr/local/texlive/2018/texmf-dist/tex/generic/oberdiek/ifpdf.sty
Package: ifpdf 2017/03/15 v3.2 Provides the ifpdf switch
)
Package pdftexcmds Info: LuaTeX not detected.
Package pdftexcmds Info: \pdf@primitive is available.
Package pdftexcmds Info: \pdf@ifprimitive is available.
Package pdftexcmds Info: \pdfdraftmode found.
)
Package epstopdf-base Info: Redefining graphics rule for `.eps' on input line 4
38.
Package grfext Info: Graphics extension search list:
(grfext)             [.pdf,.png,.jpg,.mps,.jpeg,.jbig2,.jb2,.PDF,.PNG,.JPG,.JPE
G,.JBIG2,.JB2,.eps]
(grfext)             \AppendGraphicsExtensions on input line 456.

(/usr/local/texlive/2018/texmf-dist/tex/latex/latexconfig/epstopdf-sys.cfg
File: epstopdf-sys.cfg 2010/07/13 v1.3 Configuration of (r)epstopdf for TeX Liv
e
)))
(/usr/local/texlive/2018/texmf-dist/tex/latex/titling/titling.sty
Package: titling 2009/09/04 v2.1d maketitle typesetting
\thanksmarkwidth=\skip51
\thanksmargin=\skip52
\droptitle=\skip53
)
(/usr/local/texlive/2018/texmf-dist/tex/latex/url/url.sty
\Urlmuskip=\muskip11
Package: url 2013/09/16  ver 3.4  Verb mode for urls, etc.
)
(/usr/local/texlive/2018/texmf-dist/tex/latex/tools/array.sty
Package: array 2018/04/07 v2.4g Tabular extension package (FMi)
\col@sep=\dimen121
\ar@mcellbox=\box29
\extrarowheight=\dimen122
\NC@list=\toks28
\extratabsurround=\skip54
\backup@length=\skip55
\ar@cellbox=\box30
)
\c@thm=\count101
\c@defn=\count102
\c@conj=\count103
\c@exmp=\count104


LaTeX Warning: Unused global option(s):
    [fullpage].

(./paper.aux

LaTeX Warning: Label `fig:network' multiply defined.


LaTeX Warning: Label `fig:network' multiply defined.


LaTeX Warning: Label `fig:network' multiply defined.


LaTeX Warning: Label `fig:network' multiply defined.


LaTeX Warning: Label `fig:network' multiply defined.


LaTeX Warning: Label `fig:network' multiply defined.


LaTeX Warning: Label `fig:network' multiply defined.


LaTeX Warning: Label `fig:network' multiply defined.


LaTeX Warning: Label `fig:boat1' multiply defined.


LaTeX Warning: Label `fig:boat1' multiply defined.


LaTeX Warning: Label `fig:boat1' multiply defined.


LaTeX Warning: Label `fig:network' multiply defined.


LaTeX Warning: Label `fig:network' multiply defined.

)
\openout1 = `paper.aux'.

LaTeX Font Info:    Checking defaults for OML/cmm/m/it on input line 44.
LaTeX Font Info:    ... okay on input line 44.
LaTeX Font Info:    Checking defaults for T1/cmr/m/n on input line 44.
LaTeX Font Info:    ... okay on input line 44.
LaTeX Font Info:    Checking defaults for OT1/cmr/m/n on input line 44.
LaTeX Font Info:    ... okay on input line 44.
LaTeX Font Info:    Checking defaults for OMS/cmsy/m/n on input line 44.
LaTeX Font Info:    ... okay on input line 44.
LaTeX Font Info:    Checking defaults for OMX/cmex/m/n on input line 44.
LaTeX Font Info:    ... okay on input line 44.
LaTeX Font Info:    Checking defaults for U/cmr/m/n on input line 44.
LaTeX Font Info:    ... okay on input line 44.
 (/usr/local/texlive/2018/texmf-dist/tex/context/base/mkii/supp-pdf.mkii
[Loading MPS to PDF converter (version 2006.09.02).]
\scratchcounter=\count105
\scratchdimen=\dimen123
\scratchbox=\box31
\nofMPsegments=\count106
\nofMParguments=\count107
\everyMPshowfont=\toks29
\MPscratchCnt=\count108
\MPscratchDim=\dimen124
\MPnumerator=\count109
\makeMPintoPDFobject=\count110
\everyMPtoPDFconversion=\toks30
)
LaTeX Font Info:    Try loading font information for U+msa on input line 45.
 (/usr/local/texlive/2018/texmf-dist/tex/latex/amsfonts/umsa.fd
File: umsa.fd 2013/01/14 v3.01 AMS symbols A
)
LaTeX Font Info:    Try loading font information for U+msb on input line 45.

(/usr/local/texlive/2018/texmf-dist/tex/latex/amsfonts/umsb.fd
File: umsb.fd 2013/01/14 v3.01 AMS symbols B
)
Underfull \vbox (badness 10000) has occurred while \output is active []


Underfull \hbox (badness 1584) in paragraph at lines 74--75
\OT1/cmr/m/n/12 teins or-ga-nized into hi-er-ar-chi-cal classes
 []

[1{/usr/local/texlive/2018/texmf-var/fonts/map/pdftex/updmap/pdftex.map}


]
<num_proteins_fold_155.png, id=9, 1201.48875pt x 568.1225pt>
File: num_proteins_fold_155.png Graphic file (type png)
<use num_proteins_fold_155.png>
Package pdftex.def Info: num_proteins_fold_155.png  used on input line 83.
(pdftex.def)             Requested size: 221.0pt x 104.49419pt.

Underfull \hbox (badness 1661) in paragraph at lines 96--97
\OT1/cmr/m/n/12 teins that have been or-ga-nized into 7
 []

[2 <./num_proteins_fold_155.png>]
Overfull \hbox (21.15471pt too wide) in paragraph at lines 117--124
 [][] 
 []


Overfull \hbox (39.42816pt too wide) in paragraph at lines 133--140
 [][] 
 []

[3]
Underfull \hbox (badness 3098) in paragraph at lines 160--161
[]\OT1/cmr/m/n/12 For each co-or-di-nate point `$\OML/cmm/m/it/12 P[]$\OT1/cmr/
m/n/12 `, the
 []


Underfull \hbox (badness 3503) in paragraph at lines 160--161
\OT1/cmr/m/n/12 x-coordinate is re-ferred as `$\OML/cmm/m/it/12 P[]\OT1/cmr/m/n
/12 (1)$`, y-
 []


Underfull \hbox (badness 2042) in paragraph at lines 170--171
[]\OT1/cmr/m/n/12 The in-dex files for SCOP 1.55 and
 []


Underfull \hbox (badness 4316) in paragraph at lines 170--171
\OT1/cmr/m/n/12 SCOPe 2.07, 'dir.cla.scop.1.55.txt' and
 []


Overfull \hbox (98.30055pt too wide) in paragraph at lines 174--179
 [][] 
 []


Underfull \hbox (badness 1107) in paragraph at lines 196--199
[]\OT1/cmr/bx/n/12 Definition 3.2. []\OT1/cmr/m/n/12 For a pro-tein $\OML/cmm/m
/it/12 P$ \OT1/cmr/m/n/12 with
 []


Underfull \vbox (badness 1127) has occurred while \output is active []

 [4]
LaTeX Font Info:    Try loading font information for OMS+cmr on input line 209.


(/usr/local/texlive/2018/texmf-dist/tex/latex/base/omscmr.fd
File: omscmr.fd 2014/09/29 v2.5h Standard LaTeX font definitions
)
LaTeX Font Info:    Font shape `OMS/cmr/m/n' in size <12> not available
(Font)              Font shape `OMS/cmsy/m/n' tried instead on input line 209.
<uptry.png, id=26, 145.54375pt x 134.5025pt>
File: uptry.png Graphic file (type png)
<use uptry.png>
Package pdftex.def Info: uptry.png  used on input line 215.
(pdftex.def)             Requested size: 221.0pt x 204.25092pt.
<1ux8pdb.png, id=27, 470.75874pt x 338.26375pt>
File: 1ux8pdb.png Graphic file (type png)
<use 1ux8pdb.png>
Package pdftex.def Info: 1ux8pdb.png  used on input line 226.
(pdftex.def)             Requested size: 221.0pt x 158.79816pt.
<1ux8matBase.png, id=28, 118.4425pt x 118.4425pt>
File: 1ux8matBase.png Graphic file (type png)
<use 1ux8matBase.png>
Package pdftex.def Info: 1ux8matBase.png  used on input line 235.
(pdftex.def)             Requested size: 154.69933pt x 154.70535pt.


LaTeX Warning: `h' float specifier changed to `ht'.

[5 <./uptry.png> <./1ux8pdb.png>]
<1ux8matAhelix.png, id=35, 118.4425pt x 118.4425pt>
File: 1ux8matAhelix.png Graphic file (type png)
<use 1ux8matAhelix.png>
Package pdftex.def Info: 1ux8matAhelix.png  used on input line 250.
(pdftex.def)             Requested size: 154.69933pt x 154.70535pt.


LaTeX Warning: `h' float specifier changed to `ht'.

<1ux8matBetaSheets.png, id=36, 118.4425pt x 118.4425pt>
File: 1ux8matBetaSheets.png Graphic file (type png)
<use 1ux8matBetaSheets.png>
Package pdftex.def Info: 1ux8matBetaSheets.png  used on input line 258.
(pdftex.def)             Requested size: 154.69933pt x 154.70535pt.

LaTeX Warning: `h' float specifier changed to `ht'.


Underfull \vbox (badness 10000) has occurred while \output is active []

 [6 <./1ux8matBase.png> <./1ux8matAhelix.png> <./1ux8matBetaSheets.png>]
<cropMat.png, id=40, 478.78876pt x 478.78876pt>
File: cropMat.png Graphic file (type png)
<use cropMat.png>
Package pdftex.def Info: cropMat.png  used on input line 277.
(pdftex.def)             Requested size: 154.69933pt x 154.6986pt.


LaTeX Warning: `h' float specifier changed to `ht'.

<cropMatMiss.png, id=41, 475.7775pt x 475.7775pt>
File: cropMatMiss.png Graphic file (type png)
<use cropMatMiss.png>
Package pdftex.def Info: cropMatMiss.png  used on input line 286.
(pdftex.def)             Requested size: 221.0pt x 221.00192pt.

LaTeX Warning: `h' float specifier changed to `ht'.


Underfull \hbox (badness 1087) in paragraph at lines 295--296
\OT1/cmr/m/n/12 pre-serv-ing it's abil-ity to rep-re-sent long
 []

<1ux8sparse.png, id=42, 435.6275pt x 297.11pt>
File: 1ux8sparse.png Graphic file (type png)
<use 1ux8sparse.png>
Package pdftex.def Info: 1ux8sparse.png  used on input line 299.
(pdftex.def)             Requested size: 221.0pt x 150.72618pt.

LaTeX Warning: `h' float specifier changed to `ht'.

<1ux8pdbSparseDistM.png, id=43, 59.22125pt x 59.22125pt>
File: 1ux8pdbSparseDistM.png Graphic file (type png)
<use 1ux8pdbSparseDistM.png>
Package pdftex.def Info: 1ux8pdbSparseDistM.png  used on input line 308.
(pdftex.def)             Requested size: 154.69933pt x 154.70532pt.

LaTeX Warning: `h' float specifier changed to `ht'.

[7 <./cropMat.png>]
Underfull \hbox (badness 10000) in paragraph at lines 318--318
|[]\OT1/cmr/bx/n/14.4 Convolutional Net-work
 []


Underfull \vbox (badness 1661) has occurred while \output is active []

<model_plot.png, id=49, 526.96875pt x 862.22125pt>
File: model_plot.png Graphic file (type png)
<use model_plot.png>
Package pdftex.def Info: model_plot.png  used on input line 324.
(pdftex.def)             Requested size: 221.0pt x 361.6042pt.


LaTeX Warning: `h' float specifier changed to `ht'.

[8 <./cropMatMiss.png> <./1ux8sparse.png> <./1ux8pdbSparseDistM.png (PNG copy)>
]
Underfull \vbox (badness 10000) has occurred while \output is active []

<tdaexample.png, id=55, 363.759pt x 254.3904pt>
File: tdaexample.png Graphic file (type png)
<use tdaexample.png>
Package pdftex.def Info: tdaexample.png  used on input line 341.
(pdftex.def)             Requested size: 221.0pt x 154.55684pt.
<helixsimplex.png, id=56, 430.60875pt x 284.06125pt>
File: helixsimplex.png Graphic file (type png)
<use helixsimplex.png>
Package pdftex.def Info: helixsimplex.png  used on input line 353.
(pdftex.def)             Requested size: 221.0pt x 145.79254pt.
<betasimplex.png, id=57, 648.4225pt x 493.845pt>
File: betasimplex.png Graphic file (type png)
<use betasimplex.png>
Package pdftex.def Info: betasimplex.png  used on input line 359.
(pdftex.def)             Requested size: 221.0pt x 168.31952pt.
<persistenceimages.png, id=58, 477.785pt x 136.51pt>
File: persistenceimages.png Graphic file (type png)
<use persistenceimages.png>
Package pdftex.def Info: persistenceimages.png  used on input line 366.
(pdftex.def)             Requested size: 221.0pt x 63.14113pt.

Underfull \vbox (badness 10000) has occurred while \output is active []

 [9 <./model_plot.png> <./tdaexample.png>]
<xhist.png, id=63, 583.17876pt x 456.70625pt>
File: xhist.png Graphic file (type png)
<use xhist.png>
Package pdftex.def Info: xhist.png  used on input line 378.
(pdftex.def)             Requested size: 221.0pt x 173.06932pt.
<yhist.png, id=64, 584.1825pt x 457.71pt>
File: yhist.png Graphic file (type png)
<use yhist.png>
Package pdftex.def Info: yhist.png  used on input line 384.
(pdftex.def)             Requested size: 221.0pt x 173.15637pt.

Underfull \hbox (badness 10000) in paragraph at lines 395--395
|[]\OT1/cmr/bx/n/14.4 Distance Ma-trix Al-go-
 []

[10 <./helixsimplex.png> <./betasimplex.png> <./persistenceimages.png> <./xhist
.png>]
<AccSparsevsNonSparse.png, id=72, 792.9625pt x 480.79625pt>
File: AccSparsevsNonSparse.png Graphic file (type png)
<use AccSparsevsNonSparse.png>
Package pdftex.def Info: AccSparsevsNonSparse.png  used on input line 404.
(pdftex.def)             Requested size: 221.0pt x 133.99843pt.
<ValAccSparsevsNonsparse.png, id=73, 791.95876pt x 485.815pt>
File: ValAccSparsevsNonsparse.png Graphic file (type png)
<use ValAccSparsevsNonsparse.png>
Package pdftex.def Info: ValAccSparsevsNonsparse.png  used on input line 410.
(pdftex.def)             Requested size: 221.0pt x 135.56766pt.

Underfull \vbox (badness 10000) has occurred while \output is active []


Underfull \hbox (badness 1033) in paragraph at lines 470--474
\OT1/cmr/m/n/12 Cheng. 2018. \OT1/cmr/m/it/12 DeepSF: deep con-vo-lu-
 []


Underfull \hbox (badness 1603) in paragraph at lines 482--486
\OT1/cmr/m/n/12 2014. \OT1/cmr/m/it/12 SCOPe: Struc-tural Clas-si-fi-ca-
 []


Underfull \hbox (badness 2027) in paragraph at lines 482--486
\OT1/cmr/m/it/12 tion of Pro-teins|extended, in-te-grat-
 []


Underfull \hbox (badness 2608) in paragraph at lines 482--486
\OT1/cmr/m/it/12 ing SCOP and AS-TRAL data and
 []


Underfull \hbox (badness 1648) in paragraph at lines 482--486
\OT1/cmr/m/it/12 clas-si-fi-ca-tion of new struc-tures. \OT1/cmr/m/n/12 Nu-
 []


Overfull \hbox (79.1441pt too wide) in paragraph at lines 489--494
\OT1/cmr/m/n/12 https://cdn.rcsb.org/wwpdb/docs/documentation/file-
 []

[11 <./yhist.png> <./AccSparsevsNonSparse.png> <./ValAccSparsevsNonsparse.png>]
[12

] (./paper.aux)

LaTeX Warning: There were multiply-defined labels.

 ) 
Here is how much of TeX's memory you used:
 3296 strings out of 492649
 43931 string characters out of 6129622
 209658 words of memory out of 5000000
 7098 multiletter control sequences out of 15000+600000
 12750 words of font info for 49 fonts, out of 8000000 for 9000
 1141 hyphenation exceptions out of 8191
 42i,9n,28p,765b,232s stack positions out of 5000i,500n,10000p,200000b,80000s
</usr/local/texlive/2018/texmf-dist/fonts/type1/public/amsfonts/cm/cmbx12.pfb
></usr/local/texlive/2018/texmf-dist/fonts/type1/public/amsfonts/cm/cmex10.pfb>
</usr/local/texlive/2018/texmf-dist/fonts/type1/public/amsfonts/cm/cmmi12.pfb><
/usr/local/texlive/2018/texmf-dist/fonts/type1/public/amsfonts/cm/cmmi8.pfb></u
sr/local/texlive/2018/texmf-dist/fonts/type1/public/amsfonts/cm/cmr12.pfb></usr
/local/texlive/2018/texmf-dist/fonts/type1/public/amsfonts/cm/cmr17.pfb></usr/l
ocal/texlive/2018/texmf-dist/fonts/type1/public/amsfonts/cm/cmr8.pfb></usr/loca
l/texlive/2018/texmf-dist/fonts/type1/public/amsfonts/cm/cmsy10.pfb></usr/local
/texlive/2018/texmf-dist/fonts/type1/public/amsfonts/cm/cmti12.pfb></usr/local/
texlive/2018/texmf-dist/fonts/type1/public/amsfonts/symbols/msbm10.pfb>
Output written on paper.pdf (12 pages, 910386 bytes).
PDF statistics:
 117 PDF objects out of 1000 (max. 8388607)
 59 compressed objects within 1 object stream
 0 named destinations out of 1000 (max. 500000)
 96 words of extra memory for PDF output out of 10000 (max. 10000000)

